<?xml version="1.0" encoding="UTF-8"?>
<testsuite name="CarRentalServiceTest" tests="4" skipped="0" failures="0" errors="0" timestamp="2024-11-26T10:01:14" hostname="MacBook-Pro-121" time="0.045">
  <properties/>
  <testcase name="testCalculateTotalRentalIncome" classname="CarRentalServiceTest" time="0.017"/>
  <testcase name="testFilterCarsOlderThan" classname="CarRentalServiceTest" time="0.003"/>
  <testcase name="testSortCarsByMileage" classname="CarRentalServiceTest" time="0.001"/>
  <testcase name="testSortRentalsByStartDate" classname="CarRentalServiceTest" time="0.002"/>
  <system-out><![CDATA[]]></system-out>
  <system-err><![CDATA[]]></system-err>
</testsuite>
